<?xml version="1.0" encoding="UTF-8"?>
<!-- Generated by org.testng.reporters.JUnitXMLReporter -->
<testsuite ignored="3" hostname="WINDOWS-8IK2BST" failures="0" tests="6" name="Test" time="22.947" errors="0" timestamp="2022-10-26T00:12:50 IST">
  <testcase classname="ds_algo_Test.registerPageTest" name="registerClick" time="1.367"/>
  <testcase classname="ds_algo_Test.registerPageTest" name="regPassMismatch" time="1.069"/>
  <testcase classname="ds_algo_Test.registerPageTest" name="regPassEmpty" time="0.914"/>
  <testcase classname="ds_algo_Test.datastructuresTest" name="dsButton" time="2.216"/>
  <testcase classname="ds_algo_Test.arrayPageTest" name="arrayBtn" time="9.592"/>
  <testcase classname="ds_algo_Test.linkedListPageTest" name="LList" time="7.594"/>
  <testcase classname="ds_algo_ProjectPages.BaseClass" name="@BeforeSuite initializeDriver" time="0.0">
    <ignored/>
  </testcase> <!-- @BeforeSuite initializeDriver -->
  <testcase classname="ds_algo_ProjectPages.BaseClass" name="@BeforeSuite initializeDriver" time="0.0">
    <ignored/>
  </testcase> <!-- @BeforeSuite initializeDriver -->
  <testcase classname="ds_algo_ProjectPages.BaseClass" name="@BeforeSuite initializeDriver" time="0.0">
    <ignored/>
  </testcase> <!-- @BeforeSuite initializeDriver -->
</testsuite> <!-- Test -->
